# JRE version: OpenJDK Runtime Environment (17.0.19+10) (build 17.0.19+10)
# Java VM: OpenJDK 64-Bit Server VM (17.0.19+10, mixed mode, sharing, tiered, compressed oops, compressed class ptrs, g1 gc, linux-amd64)
GC Precious Log:
 CPUs: 32 total, 32 available
 Memory: 96166M
 Large Page Support: Disabled
 NUMA Support: Disabled
 Compressed Oops: Enabled (32-bit)
 Heap Region Size: 1M
 Heap Min Capacity: 8M
 Heap Initial Capacity: 512M
 Heap Max Capacity: 512M
 Pre-touch: Disabled
 Parallel Workers: 23
 Concurrent Workers: 6
 Concurrent Refinement Workers: 23
 Periodic GC: Disabled
Heap:
 garbage-first heap   total 61440K, used 29582K [0x00000000e0000000, 0x0000000100000000)
  region size 1024K, 17 young (17408K), 1 survivors (1024K)
 Metaspace       used 27292K, committed 27584K, reserved 1114112K
  class space    used 3496K, committed 3648K, reserved 1048576K
GC Heap History (18 events):
Event: 0.950 GC heap before
{Heap before GC invocations=0 (full 0):
 garbage-first heap   total 524288K, used 27572K [0x00000000e0000000, 0x0000000100000000)
  region size 1024K, 25 young (25600K), 0 survivors (0K)
 Metaspace       used 3933K, committed 4096K, reserved 1114112K
  class space    used 375K, committed 448K, reserved 1048576K
}
Event: 0.961 GC heap after
{Heap after GC invocations=1 (full 0):
 garbage-first heap   total 524288K, used 8678K [0x00000000e0000000, 0x0000000100000000)
  region size 1024K, 4 young (4096K), 4 survivors (4096K)
 Metaspace       used 3933K, committed 4096K, reserved 1114112K
  class space    used 375K, committed 448K, reserved 1048576K
}
Event: 1.745 GC heap before
{Heap before GC invocations=1 (full 0):
 garbage-first heap   total 524288K, used 44518K [0x00000000e0000000, 0x0000000100000000)
  region size 1024K, 39 young (39936K), 4 survivors (4096K)
 Metaspace       used 7059K, committed 7232K, reserved 1114112K
  class space    used 782K, committed 832K, reserved 1048576K
}
Event: 1.763 GC heap after
{Heap after GC invocations=2 (full 0):
 garbage-first heap   total 524288K, used 10319K [0x00000000e0000000, 0x0000000100000000)
  region size 1024K, 2 young (2048K), 2 survivors (2048K)
 Metaspace       used 7059K, committed 7232K, reserved 1114112K
  class space    used 782K, committed 832K, reserved 1048576K
}
Event: 3.289 GC heap before
{Heap before GC invocations=2 (full 0):
 garbage-first heap   total 524288K, used 81999K [0x00000000e0000000, 0x0000000100000000)
  region size 1024K, 72 young (73728K), 2 survivors (2048K)
 Metaspace       used 11809K, committed 12096K, reserved 1114112K
  class space    used 1458K, committed 1600K, reserved 1048576K
}
Event: 3.306 GC heap after
{Heap after GC invocations=3 (full 0):
 garbage-first heap   total 524288K, used 11766K [0x00000000e0000000, 0x0000000100000000)
  region size 1024K, 4 young (4096K), 4 survivors (4096K)
 Metaspace       used 11809K, committed 12096K, reserved 1114112K
  class space    used 1458K, committed 1600K, reserved 1048576K
}
Event: 7.169 GC heap before
{Heap before GC invocations=3 (full 0):
 garbage-first heap   total 524288K, used 188918K [0x00000000e0000000, 0x0000000100000000)
  region size 1024K, 178 young (182272K), 4 survivors (4096K)
 Metaspace       used 21280K, committed 21504K, reserved 1114112K
  class space    used 2910K, committed 3008K, reserved 1048576K
}
Event: 7.191 GC heap after
{Heap after GC invocations=4 (full 0):
 garbage-first heap   total 524288K, used 13681K [0x00000000e0000000, 0x0000000100000000)
  region size 1024K, 6 young (6144K), 6 survivors (6144K)
 Metaspace       used 21280K, committed 21504K, reserved 1114112K
  class space    used 2910K, committed 3008K, reserved 1048576K
}
Event: 8.263 GC heap before
{Heap before GC invocations=5 (full 0):
 garbage-first heap   total 61440K, used 44401K [0x00000000e0000000, 0x0000000100000000)
  region size 1024K, 36 young (36864K), 6 survivors (6144K)
 Metaspace       used 22877K, committed 23168K, reserved 1114112K
  class space    used 3083K, committed 3264K, reserved 1048576K
}
Event: 8.281 GC heap after
{Heap after GC invocations=6 (full 0):
 garbage-first heap   total 61440K, used 14198K [0x00000000e0000000, 0x0000000100000000)
  region size 1024K, 3 young (3072K), 3 survivors (3072K)
 Metaspace       used 22877K, committed 23168K, reserved 1114112K
  class space    used 3083K, committed 3264K, reserved 1048576K
}
Event: 8.351 GC heap before
{Heap before GC invocations=6 (full 0):
 garbage-first heap   total 61440K, used 15222K [0x00000000e0000000, 0x0000000100000000)
  region size 1024K, 4 young (4096K), 3 survivors (3072K)
 Metaspace       used 22904K, committed 23232K, reserved 1114112K
  class space    used 3083K, committed 3264K, reserved 1048576K
}
Event: 8.365 GC heap after
{Heap after GC invocations=7 (full 0):
 garbage-first heap   total 61440K, used 14263K [0x00000000e0000000, 0x0000000100000000)
  region size 1024K, 1 young (1024K), 1 survivors (1024K)
 Metaspace       used 22904K, committed 23232K, reserved 1114112K
  class space    used 3083K, committed 3264K, reserved 1048576K
}
Event: 8.726 GC heap before
{Heap before GC invocations=7 (full 0):
 garbage-first heap   total 61440K, used 46007K [0x00000000e0000000, 0x0000000100000000)
  region size 1024K, 32 young (32768K), 1 survivors (1024K)
 Metaspace       used 23973K, committed 24256K, reserved 1114112K
  class space    used 3158K, committed 3328K, reserved 1048576K
}
Event: 8.734 GC heap after
{Heap after GC invocations=8 (full 0):
 garbage-first heap   total 61440K, used 14222K [0x00000000e0000000, 0x0000000100000000)
  region size 1024K, 1 young (1024K), 1 survivors (1024K)
 Metaspace       used 23973K, committed 24256K, reserved 1114112K
  class space    used 3158K, committed 3328K, reserved 1048576K
}
Event: 9.068 GC heap before
{Heap before GC invocations=8 (full 0):
 garbage-first heap   total 61440K, used 46990K [0x00000000e0000000, 0x0000000100000000)
  region size 1024K, 33 young (33792K), 1 survivors (1024K)
 Metaspace       used 25252K, committed 25600K, reserved 1114112K
  class space    used 3262K, committed 3456K, reserved 1048576K
}
Event: 9.072 GC heap after
{Heap after GC invocations=9 (full 0):
 garbage-first heap   total 61440K, used 14091K [0x00000000e0000000, 0x0000000100000000)
  region size 1024K, 1 young (1024K), 1 survivors (1024K)
 Metaspace       used 25252K, committed 25600K, reserved 1114112K
  class space    used 3262K, committed 3456K, reserved 1048576K
}
Event: 9.389 GC heap before
{Heap before GC invocations=9 (full 0):
 garbage-first heap   total 61440K, used 47883K [0x00000000e0000000, 0x0000000100000000)
  region size 1024K, 34 young (34816K), 1 survivors (1024K)
 Metaspace       used 26477K, committed 26752K, reserved 1114112K
  class space    used 3411K, committed 3584K, reserved 1048576K
}
Event: 9.393 GC heap after
{Heap after GC invocations=10 (full 0):
 garbage-first heap   total 61440K, used 14222K [0x00000000e0000000, 0x0000000100000000)
  region size 1024K, 1 young (1024K), 1 survivors (1024K)
 Metaspace       used 26477K, committed 26752K, reserved 1114112K
  class space    used 3411K, committed 3584K, reserved 1048576K
}

